<?xml version="1.0" encoding="UTF-8"?>
<testsuite xmlns:xsi="http://www.w3.org/2001/XMLSchema-instance" xsi:noNamespaceSchemaLocation="https://maven.apache.org/surefire/maven-surefire-plugin/xsd/surefire-test-report.xsd" version="3.0.2" name="exercises.UserRepositoryTest" time="6.656" tests="5" errors="0" skipped="0" failures="0">
  <properties>
[...]
</properties>
  <testcase name="testSearchByKeyword" classname="exercises.UserRepositoryTest" time="0.458">
    <system-out><![CDATA[2026-07-11T13:02:50.497+05:30  INFO 17028 --- [           main] t.c.s.AnnotationConfigContextLoaderUtils : Could not detect default configuration classes for test class [exercises.UserRepositoryTest]: UserRepositoryTest does not declare any static, non-private, non-final, nested classes annotated with @Configuration.
2026-07-11T13:02:50.517+05:30  INFO 17028 --- [           main] .b.t.c.SpringBootTestContextBootstrapper : Found @SpringBootConfiguration exercises.Application for test class exercises.UserRepositoryTest

  .   ____          _            __ _ _
 /\\ / ___'_ __ _ _(_)_ __  __ _ \ \ \ \
( ( )\___ | '_ | '_| | '_ \/ _` | \ \ \ \
 \\/  ___)| |_)| | | | | || (_| |  ) ) ) )
  '  |____| .__|_| |_|_| |_\__, | / / / /
 =========|_|==============|___/=/_/_/_/

 :: Spring Boot ::                (v3.4.1)

2026-07-11T13:02:50.571+05:30  INFO 17028 --- [           main] exercises.UserRepositoryTest             : Starting UserRepositoryTest using Java 25.0.2 with PID 17028 (started by lenovo in C:\Users\lenovo\AppData\Local\Temp\opencode\java-exercises\spring-testing)
2026-07-11T13:02:50.571+05:30  INFO 17028 --- [           main] exercises.UserRepositoryTest             : No active profile set, falling back to 1 default profile: "default"
2026-07-11T13:02:50.877+05:30  INFO 17028 --- [           main] .s.d.r.c.RepositoryConfigurationDelegate : Bootstrapping Spring Data JPA repositories in DEFAULT mode.
2026-07-11T13:02:50.967+05:30  INFO 17028 --- [           main] .s.d.r.c.RepositoryConfigurationDelegate : Finished Spring Data repository scanning in 71 ms. Found 1 JPA repository interface.
2026-07-11T13:02:51.065+05:30  INFO 17028 --- [           main] beddedDataSourceBeanFactoryPostProcessor : Replacing 'dataSource' DataSource bean with embedded version
2026-07-11T13:02:51.187+05:30  INFO 17028 --- [           main] o.s.j.d.e.EmbeddedDatabaseFactory        : Starting embedded database: url='jdbc:h2:mem:4c736696-20e8-4b42-9a88-0a68cb0a942c;DB_CLOSE_DELAY=-1;DB_CLOSE_ON_EXIT=false', username='sa'
2026-07-11T13:02:52.029+05:30  INFO 17028 --- [           main] o.hibernate.jpa.internal.util.LogHelper  : HHH000204: Processing PersistenceUnitInfo [name: default]
2026-07-11T13:02:52.196+05:30  INFO 17028 --- [           main] org.hibernate.Version                    : HHH000412: Hibernate ORM core version 6.6.4.Final
2026-07-11T13:02:52.295+05:30  INFO 17028 --- [           main] o.h.c.internal.RegionFactoryInitiator    : HHH000026: Second-level cache disabled
2026-07-11T13:02:52.645+05:30  INFO 17028 --- [           main] o.s.o.j.p.SpringPersistenceUnitInfo      : No LoadTimeWeaver setup: ignoring JPA class transformer
2026-07-11T13:02:52.781+05:30  WARN 17028 --- [           main] org.hibernate.orm.deprecation            : HHH90000025: H2Dialect does not need to be specified explicitly using 'hibernate.dialect' (remove the property setting and it will be selected by default)
2026-07-11T13:02:52.812+05:30  INFO 17028 --- [           main] org.hibernate.orm.connections.pooling    : HHH10001005: Database info:
	Database JDBC URL [Connecting through datasource 'org.springframework.jdbc.datasource.embedded.EmbeddedDatabaseFactory$EmbeddedDataSourceProxy@229fe7ab']
	Database driver: undefined/unknown
	Database version: 2.2.224
	Autocommit mode: undefined/unknown
	Isolation level: undefined/unknown
	Minimum pool size: undefined/unknown
	Maximum pool size: undefined/unknown
2026-07-11T13:02:54.319+05:30  INFO 17028 --- [           main] o.h.e.t.j.p.i.JtaPlatformInitiator       : HHH000489: No JTA platform available (set 'hibernate.transaction.jta.platform' to enable JTA platform integration)
Hibernate: drop table if exists app_user cascade 
Hibernate: create table app_user (id bigint generated by default as identity, email varchar(255), name varchar(255), primary key (id))
2026-07-11T13:02:54.396+05:30  INFO 17028 --- [           main] j.LocalContainerEntityManagerFactoryBean : Initialized JPA EntityManagerFactory for persistence unit 'default'
2026-07-11T13:02:55.276+05:30  INFO 17028 --- [           main] o.s.d.j.r.query.QueryEnhancerFactory     : Hibernate is in classpath; If applicable, HQL parser will be used.
2026-07-11T13:02:56.519+05:30  INFO 17028 --- [           main] exercises.UserRepositoryTest             : Started UserRepositoryTest in 5.996 seconds (process running for 13.548)
Hibernate: insert into app_user (email,name,id) values (?,?,default)
Hibernate: insert into app_user (email,name,id) values (?,?,default)
Hibernate: select u1_0.id,u1_0.email,u1_0.name from app_user u1_0 where u1_0.name like ? escape '' or u1_0.email like ? escape ''
]]></system-out>
  </testcase>
  <testcase name="testFindByNameContaining" classname="exercises.UserRepositoryTest" time="0.056">
    <system-out><![CDATA[Hibernate: insert into app_user (email,name,id) values (?,?,default)
Hibernate: insert into app_user (email,name,id) values (?,?,default)
Hibernate: insert into app_user (email,name,id) values (?,?,default)
Hibernate: select u1_0.id,u1_0.email,u1_0.name from app_user u1_0 where u1_0.name like ? escape '\'
]]></system-out>
  </testcase>
  <testcase name="testSaveUser" classname="exercises.UserRepositoryTest" time="0.021">
    <system-out><![CDATA[Hibernate: insert into app_user (email,name,id) values (?,?,default)
]]></system-out>
  </testcase>
  <testcase name="testFindByEmail" classname="exercises.UserRepositoryTest" time="0.028">
    <system-out><![CDATA[Hibernate: insert into app_user (email,name,id) values (?,?,default)
Hibernate: select u1_0.id,u1_0.email,u1_0.name from app_user u1_0 where u1_0.email=?
]]></system-out>
  </testcase>
  <testcase name="testExistsByEmail" classname="exercises.UserRepositoryTest" time="0.033">
    <system-out><![CDATA[Hibernate: insert into app_user (email,name,id) values (?,?,default)
Hibernate: select u1_0.id from app_user u1_0 where u1_0.email=? fetch first ? rows only
Hibernate: select u1_0.id from app_user u1_0 where u1_0.email=? fetch first ? rows only
]]></system-out>
  </testcase>
</testsuite>